#! /usr/local/bin/vvp
:ivl_version "12.0 (devel)" "(s20150603-1017-g1bb355a9)";
:ivl_delay_selection "TYPICAL";
:vpi_time_precision - 12;
:vpi_module "/usr/local/lib/ivl/system.vpi";
:vpi_module "/usr/local/lib/ivl/vhdl_sys.vpi";
:vpi_module "/usr/local/lib/ivl/vhdl_textio.vpi";
:vpi_module "/usr/local/lib/ivl/v2005_math.vpi";
:vpi_module "/usr/local/lib/ivl/va_math.vpi";
S_0x55eed2cc4cc0 .scope module, "test_bench" "test_bench" 2 3;
 .timescale -9 -12;
v0x55eed2d0b690_0 .var "check", 11 0;
v0x55eed2d0b770_0 .var "clk", 0 0;
v0x55eed2d0b8c0_0 .net "e", 0 0, L_0x55eed2d2bee0;  1 drivers
v0x55eed2d0b960_0 .var "enable", 0 0;
v0x55eed2d0ba00_0 .var "in", 2 0;
v0x55eed2d0bb80_0 .var "reset", 0 0;
v0x55eed2d0bcb0_0 .var "value", 0 0;
v0x55eed2d0bd50_0 .net "y", 0 0, L_0x55eed2d26470;  1 drivers
S_0x55eed2cda480 .scope module, "uut" "alu" 2 17, 3 8 0, S_0x55eed2cc4cc0;
 .timescale -9 -12;
    .port_info 0 /INPUT 3 "in";
    .port_info 1 /INPUT 1 "clk";
    .port_info 2 /INPUT 1 "reset";
    .port_info 3 /INPUT 1 "enable";
    .port_info 4 /INPUT 12 "check";
    .port_info 5 /INPUT 1 "value";
    .port_info 6 /OUTPUT 1 "y";
    .port_info 7 /OUTPUT 1 "e";
v0x55eed2d0a880_0 .net "check", 11 0, v0x55eed2d0b690_0;  1 drivers
v0x55eed2d0a960_0 .net "clk", 0 0, v0x55eed2d0b770_0;  1 drivers
v0x55eed2d0aa00_0 .net "e", 0 0, L_0x55eed2d2bee0;  alias, 1 drivers
v0x55eed2d0ab00_0 .net "enable", 0 0, v0x55eed2d0b960_0;  1 drivers
v0x55eed2d0aba0_0 .net "in", 2 0, v0x55eed2d0ba00_0;  1 drivers
v0x55eed2d0ac90_0 .net "p", 2 0, v0x55eed2d09590_0;  1 drivers
v0x55eed2d0ad30_0 .net "reset", 0 0, v0x55eed2d0bb80_0;  1 drivers
v0x55eed2d0add0_0 .net "value", 0 0, v0x55eed2d0bcb0_0;  1 drivers
v0x55eed2d0ae70_0 .net "y", 0 0, L_0x55eed2d26470;  alias, 1 drivers
v0x55eed2d0afd0_0 .net "yc1", 0 0, L_0x55eed2d215b0;  1 drivers
v0x55eed2d0b070_0 .net "yc2", 0 0, L_0x55eed2d2b760;  1 drivers
v0x55eed2d0b160_0 .net "ym1", 2 0, L_0x55eed2d0c0a0;  1 drivers
v0x55eed2d0b250_0 .net "ym2", 2 0, L_0x55eed2d0c410;  1 drivers
v0x55eed2d0b340_0 .net "ys1", 3 0, v0x55eed2d09ca0_0;  1 drivers
v0x55eed2d0b430_0 .net "ys2", 3 0, v0x55eed2d0a4b0_0;  1 drivers
S_0x55eed2cbb950 .scope module, "c1" "cut" 3 25, 4 2 0, S_0x55eed2cda480;
 .timescale -9 -12;
    .port_info 0 /INPUT 3 "a";
    .port_info 1 /INPUT 12 "check";
    .port_info 2 /INPUT 1 "value";
    .port_info 3 /OUTPUT 1 "y";
L_0x55eed2d1d270 .functor OR 1, L_0x55eed2d1dbb0, L_0x55eed2d1e0d0, C4<0>, C4<0>;
L_0x55eed2d20260 .functor AND 1, L_0x55eed2d1ed10, L_0x55eed2d1f3c0, C4<1>, C4<1>;
L_0x55eed2d20ac0 .functor OR 1, L_0x55eed2d1e6e0, L_0x55eed2d1fb50, C4<0>, C4<0>;
L_0x55eed2d21360 .functor AND 1, L_0x55eed2d20370, L_0x55eed2d20bd0, C4<1>, C4<1>;
L_0x55eed2d215b0 .functor BUFZ 1, L_0x55eed2d21470, C4<0>, C4<0>, C4<0>;
v0x55eed2c8dc40_0 .net *"_ivl_1", 0 0, L_0x55eed2d0c520;  1 drivers
v0x55eed2c83130_0 .net *"_ivl_103", 0 0, L_0x55eed2d1f500;  1 drivers
v0x55eed2c820b0_0 .net *"_ivl_104", 31 0, L_0x55eed2d1f2a0;  1 drivers
L_0x7fc3a7e1b498 .functor BUFT 1, C4<0000000000000000000000000000000>, C4<0>, C4<0>, C4<0>;
v0x55eed2cdf7b0_0 .net *"_ivl_107", 30 0, L_0x7fc3a7e1b498;  1 drivers
L_0x7fc3a7e1b4e0 .functor BUFT 1, C4<00000000000000000000000000000001>, C4<0>, C4<0>, C4<0>;
v0x55eed2cdcee0_0 .net/2u *"_ivl_108", 31 0, L_0x7fc3a7e1b4e0;  1 drivers
v0x55eed2cf8ff0_0 .net *"_ivl_11", 0 0, L_0x55eed2d1c850;  1 drivers
v0x55eed2cf90d0_0 .net *"_ivl_110", 0 0, L_0x55eed2d1f830;  1 drivers
v0x55eed2cf9190_0 .net *"_ivl_112", 0 0, L_0x55eed2d1d270;  1 drivers
v0x55eed2cf9270_0 .net *"_ivl_117", 0 0, L_0x55eed2d1fc90;  1 drivers
v0x55eed2cf9350_0 .net *"_ivl_118", 31 0, L_0x55eed2d1fe80;  1 drivers
L_0x7fc3a7e1b528 .functor BUFT 1, C4<0000000000000000000000000000000>, C4<0>, C4<0>, C4<0>;
v0x55eed2cf9430_0 .net *"_ivl_121", 30 0, L_0x7fc3a7e1b528;  1 drivers
L_0x7fc3a7e1b570 .functor BUFT 1, C4<00000000000000000000000000000001>, C4<0>, C4<0>, C4<0>;
v0x55eed2cf9510_0 .net/2u *"_ivl_122", 31 0, L_0x7fc3a7e1b570;  1 drivers
v0x55eed2cf95f0_0 .net *"_ivl_124", 0 0, L_0x55eed2d1ffc0;  1 drivers
v0x55eed2cf96b0_0 .net *"_ivl_126", 0 0, L_0x55eed2d20260;  1 drivers
v0x55eed2cf9790_0 .net *"_ivl_131", 0 0, L_0x55eed2d204b0;  1 drivers
v0x55eed2cf9870_0 .net *"_ivl_132", 31 0, L_0x55eed2d206c0;  1 drivers
L_0x7fc3a7e1b5b8 .functor BUFT 1, C4<0000000000000000000000000000000>, C4<0>, C4<0>, C4<0>;
v0x55eed2cf9950_0 .net *"_ivl_135", 30 0, L_0x7fc3a7e1b5b8;  1 drivers
L_0x7fc3a7e1b600 .functor BUFT 1, C4<00000000000000000000000000000001>, C4<0>, C4<0>, C4<0>;
v0x55eed2cf9a30_0 .net/2u *"_ivl_136", 31 0, L_0x7fc3a7e1b600;  1 drivers
v0x55eed2cf9b10_0 .net *"_ivl_138", 0 0, L_0x55eed2d20800;  1 drivers
v0x55eed2cf9bd0_0 .net *"_ivl_140", 0 0, L_0x55eed2d20ac0;  1 drivers
v0x55eed2cf9cb0_0 .net *"_ivl_145", 0 0, L_0x55eed2d20d10;  1 drivers
v0x55eed2cf9d90_0 .net *"_ivl_146", 31 0, L_0x55eed2d20f40;  1 drivers
L_0x7fc3a7e1b648 .functor BUFT 1, C4<0000000000000000000000000000000>, C4<0>, C4<0>, C4<0>;
v0x55eed2cf9e70_0 .net *"_ivl_149", 30 0, L_0x7fc3a7e1b648;  1 drivers
v0x55eed2cf9f50_0 .net *"_ivl_15", 0 0, L_0x55eed2d1caa0;  1 drivers
L_0x7fc3a7e1b690 .functor BUFT 1, C4<00000000000000000000000000000001>, C4<0>, C4<0>, C4<0>;
v0x55eed2cfa030_0 .net/2u *"_ivl_150", 31 0, L_0x7fc3a7e1b690;  1 drivers
v0x55eed2cfa110_0 .net *"_ivl_152", 0 0, L_0x55eed2d21080;  1 drivers
v0x55eed2cfa1d0_0 .net *"_ivl_154", 0 0, L_0x55eed2d21360;  1 drivers
v0x55eed2cfa2b0_0 .net *"_ivl_16", 31 0, L_0x55eed2d1cbd0;  1 drivers
L_0x7fc3a7e1b0a8 .functor BUFT 1, C4<0000000000000000000000000000000>, C4<0>, C4<0>, C4<0>;
v0x55eed2cfa390_0 .net *"_ivl_19", 30 0, L_0x7fc3a7e1b0a8;  1 drivers
v0x55eed2cfa470_0 .net *"_ivl_2", 31 0, L_0x55eed2d0c5c0;  1 drivers
L_0x7fc3a7e1b0f0 .functor BUFT 1, C4<00000000000000000000000000000001>, C4<0>, C4<0>, C4<0>;
v0x55eed2cfa550_0 .net/2u *"_ivl_20", 31 0, L_0x7fc3a7e1b0f0;  1 drivers
v0x55eed2cfa630_0 .net *"_ivl_22", 0 0, L_0x55eed2d1cd10;  1 drivers
v0x55eed2cfa6f0_0 .net *"_ivl_25", 0 0, L_0x55eed2d1cea0;  1 drivers
v0x55eed2cfa9e0_0 .net *"_ivl_29", 0 0, L_0x55eed2d1d0e0;  1 drivers
v0x55eed2cfaac0_0 .net *"_ivl_30", 31 0, L_0x55eed2d1d180;  1 drivers
L_0x7fc3a7e1b138 .functor BUFT 1, C4<0000000000000000000000000000000>, C4<0>, C4<0>, C4<0>;
v0x55eed2cfaba0_0 .net *"_ivl_33", 30 0, L_0x7fc3a7e1b138;  1 drivers
L_0x7fc3a7e1b180 .functor BUFT 1, C4<00000000000000000000000000000001>, C4<0>, C4<0>, C4<0>;
v0x55eed2cfac80_0 .net/2u *"_ivl_34", 31 0, L_0x7fc3a7e1b180;  1 drivers
v0x55eed2cfad60_0 .net *"_ivl_36", 0 0, L_0x55eed2d1d380;  1 drivers
v0x55eed2cfae20_0 .net *"_ivl_39", 0 0, L_0x55eed2d1d4c0;  1 drivers
v0x55eed2cfaf00_0 .net *"_ivl_43", 0 0, L_0x55eed2d1d720;  1 drivers
v0x55eed2cfafe0_0 .net *"_ivl_44", 31 0, L_0x55eed2d1d8e0;  1 drivers
L_0x7fc3a7e1b1c8 .functor BUFT 1, C4<0000000000000000000000000000000>, C4<0>, C4<0>, C4<0>;
v0x55eed2cfb0c0_0 .net *"_ivl_47", 30 0, L_0x7fc3a7e1b1c8;  1 drivers
L_0x7fc3a7e1b210 .functor BUFT 1, C4<00000000000000000000000000000001>, C4<0>, C4<0>, C4<0>;
v0x55eed2cfb1a0_0 .net/2u *"_ivl_48", 31 0, L_0x7fc3a7e1b210;  1 drivers
L_0x7fc3a7e1b018 .functor BUFT 1, C4<0000000000000000000000000000000>, C4<0>, C4<0>, C4<0>;
v0x55eed2cfb280_0 .net *"_ivl_5", 30 0, L_0x7fc3a7e1b018;  1 drivers
v0x55eed2cfb360_0 .net *"_ivl_50", 0 0, L_0x55eed2d1d9d0;  1 drivers
v0x55eed2cfb420_0 .net *"_ivl_55", 0 0, L_0x55eed2d1dcf0;  1 drivers
v0x55eed2cfb500_0 .net *"_ivl_56", 31 0, L_0x55eed2d1db10;  1 drivers
L_0x7fc3a7e1b258 .functor BUFT 1, C4<0000000000000000000000000000000>, C4<0>, C4<0>, C4<0>;
v0x55eed2cfb5e0_0 .net *"_ivl_59", 30 0, L_0x7fc3a7e1b258;  1 drivers
L_0x7fc3a7e1b060 .functor BUFT 1, C4<00000000000000000000000000000001>, C4<0>, C4<0>, C4<0>;
v0x55eed2cfb6c0_0 .net/2u *"_ivl_6", 31 0, L_0x7fc3a7e1b060;  1 drivers
L_0x7fc3a7e1b2a0 .functor BUFT 1, C4<00000000000000000000000000000001>, C4<0>, C4<0>, C4<0>;
v0x55eed2cfb7a0_0 .net/2u *"_ivl_60", 31 0, L_0x7fc3a7e1b2a0;  1 drivers
v0x55eed2cfb880_0 .net *"_ivl_62", 0 0, L_0x55eed2d1df20;  1 drivers
v0x55eed2cfb940_0 .net *"_ivl_67", 0 0, L_0x55eed2d1e210;  1 drivers
v0x55eed2cfba20_0 .net *"_ivl_68", 31 0, L_0x55eed2d1e380;  1 drivers
L_0x7fc3a7e1b2e8 .functor BUFT 1, C4<0000000000000000000000000000000>, C4<0>, C4<0>, C4<0>;
v0x55eed2cfbb00_0 .net *"_ivl_71", 30 0, L_0x7fc3a7e1b2e8;  1 drivers
L_0x7fc3a7e1b330 .functor BUFT 1, C4<00000000000000000000000000000001>, C4<0>, C4<0>, C4<0>;
v0x55eed2cfbbe0_0 .net/2u *"_ivl_72", 31 0, L_0x7fc3a7e1b330;  1 drivers
v0x55eed2cfbcc0_0 .net *"_ivl_74", 0 0, L_0x55eed2d1e4c0;  1 drivers
v0x55eed2cfbd80_0 .net *"_ivl_79", 0 0, L_0x55eed2d1e7d0;  1 drivers
v0x55eed2cfbe60_0 .net *"_ivl_8", 0 0, L_0x55eed2d1c710;  1 drivers
v0x55eed2cfbf20_0 .net *"_ivl_80", 31 0, L_0x55eed2d1e960;  1 drivers
L_0x7fc3a7e1b378 .functor BUFT 1, C4<0000000000000000000000000000000>, C4<0>, C4<0>, C4<0>;
v0x55eed2cfc000_0 .net *"_ivl_83", 30 0, L_0x7fc3a7e1b378;  1 drivers
L_0x7fc3a7e1b3c0 .functor BUFT 1, C4<00000000000000000000000000000001>, C4<0>, C4<0>, C4<0>;
v0x55eed2cfc0e0_0 .net/2u *"_ivl_84", 31 0, L_0x7fc3a7e1b3c0;  1 drivers
v0x55eed2cfc1c0_0 .net *"_ivl_86", 0 0, L_0x55eed2d1eaa0;  1 drivers
v0x55eed2cfc280_0 .net *"_ivl_91", 0 0, L_0x55eed2d1ee90;  1 drivers
v0x55eed2cfc360_0 .net *"_ivl_92", 31 0, L_0x55eed2d1f040;  1 drivers
L_0x7fc3a7e1b408 .functor BUFT 1, C4<0000000000000000000000000000000>, C4<0>, C4<0>, C4<0>;
v0x55eed2cfc440_0 .net *"_ivl_95", 30 0, L_0x7fc3a7e1b408;  1 drivers
L_0x7fc3a7e1b450 .functor BUFT 1, C4<00000000000000000000000000000001>, C4<0>, C4<0>, C4<0>;
v0x55eed2cfc930_0 .net/2u *"_ivl_96", 31 0, L_0x7fc3a7e1b450;  1 drivers
v0x55eed2cfca10_0 .net *"_ivl_98", 0 0, L_0x55eed2d1f130;  1 drivers
v0x55eed2cfcad0_0 .net "a", 2 0, L_0x55eed2d0c410;  alias, 1 drivers
v0x55eed2cfcbb0_0 .net "aa", 0 0, L_0x55eed2d1c9b0;  1 drivers
v0x55eed2cfcc70_0 .net "b", 0 0, L_0x55eed2d1cf40;  1 drivers
v0x55eed2cfcd30_0 .net "c", 0 0, L_0x55eed2d1d5e0;  1 drivers
L_0x7fc3a7e1b6d8 .functor BUFT 1, C4<000000000000>, C4<0>, C4<0>, C4<0>;
v0x55eed2cfcdf0_0 .net "check", 11 0, L_0x7fc3a7e1b6d8;  1 drivers
L_0x7fc3a7e1b720 .functor BUFT 1, C4<0>, C4<0>, C4<0>, C4<0>;
v0x55eed2cfced0_0 .net "value", 0 0, L_0x7fc3a7e1b720;  1 drivers
v0x55eed2cfcf90_0 .net "w1", 0 0, L_0x55eed2d1dbb0;  1 drivers
v0x55eed2cfd050_0 .net "w2", 0 0, L_0x55eed2d1e0d0;  1 drivers
v0x55eed2cfd110_0 .net "w3", 0 0, L_0x55eed2d1e6e0;  1 drivers
v0x55eed2cfd1d0_0 .net "w4", 0 0, L_0x55eed2d1ed10;  1 drivers
v0x55eed2cfd290_0 .net "w5", 0 0, L_0x55eed2d1f3c0;  1 drivers
v0x55eed2cfd350_0 .net "w6", 0 0, L_0x55eed2d1fb50;  1 drivers
v0x55eed2cfd410_0 .net "w7", 0 0, L_0x55eed2d20370;  1 drivers
v0x55eed2cfd4d0_0 .net "w8", 0 0, L_0x55eed2d20bd0;  1 drivers
v0x55eed2cfd590_0 .net "w9", 0 0, L_0x55eed2d21470;  1 drivers
v0x55eed2cfd650_0 .net "y", 0 0, L_0x55eed2d215b0;  alias, 1 drivers
L_0x55eed2d0c520 .part L_0x7fc3a7e1b6d8, 0, 1;
L_0x55eed2d0c5c0 .concat [ 1 31 0 0], L_0x55eed2d0c520, L_0x7fc3a7e1b018;
L_0x55eed2d1c710 .cmp/eq 32, L_0x55eed2d0c5c0, L_0x7fc3a7e1b060;
L_0x55eed2d1c850 .part L_0x55eed2d0c410, 0, 1;
L_0x55eed2d1c9b0 .functor MUXZ 1, L_0x55eed2d1c850, L_0x7fc3a7e1b720, L_0x55eed2d1c710, C4<>;
L_0x55eed2d1caa0 .part L_0x7fc3a7e1b6d8, 1, 1;
L_0x55eed2d1cbd0 .concat [ 1 31 0 0], L_0x55eed2d1caa0, L_0x7fc3a7e1b0a8;
L_0x55eed2d1cd10 .cmp/eq 32, L_0x55eed2d1cbd0, L_0x7fc3a7e1b0f0;
L_0x55eed2d1cea0 .part L_0x55eed2d0c410, 1, 1;
L_0x55eed2d1cf40 .functor MUXZ 1, L_0x55eed2d1cea0, L_0x7fc3a7e1b720, L_0x55eed2d1cd10, C4<>;
L_0x55eed2d1d0e0 .part L_0x7fc3a7e1b6d8, 2, 1;
L_0x55eed2d1d180 .concat [ 1 31 0 0], L_0x55eed2d1d0e0, L_0x7fc3a7e1b138;
L_0x55eed2d1d380 .cmp/eq 32, L_0x55eed2d1d180, L_0x7fc3a7e1b180;
L_0x55eed2d1d4c0 .part L_0x55eed2d0c410, 2, 1;
L_0x55eed2d1d5e0 .functor MUXZ 1, L_0x55eed2d1d4c0, L_0x7fc3a7e1b720, L_0x55eed2d1d380, C4<>;
L_0x55eed2d1d720 .part L_0x7fc3a7e1b6d8, 3, 1;
L_0x55eed2d1d8e0 .concat [ 1 31 0 0], L_0x55eed2d1d720, L_0x7fc3a7e1b1c8;
L_0x55eed2d1d9d0 .cmp/eq 32, L_0x55eed2d1d8e0, L_0x7fc3a7e1b210;
L_0x55eed2d1dbb0 .functor MUXZ 1, L_0x55eed2d1c9b0, L_0x7fc3a7e1b720, L_0x55eed2d1d9d0, C4<>;
L_0x55eed2d1dcf0 .part L_0x7fc3a7e1b6d8, 4, 1;
L_0x55eed2d1db10 .concat [ 1 31 0 0], L_0x55eed2d1dcf0, L_0x7fc3a7e1b258;
L_0x55eed2d1df20 .cmp/eq 32, L_0x55eed2d1db10, L_0x7fc3a7e1b2a0;
L_0x55eed2d1e0d0 .functor MUXZ 1, L_0x55eed2d1cf40, L_0x7fc3a7e1b720, L_0x55eed2d1df20, C4<>;
L_0x55eed2d1e210 .part L_0x7fc3a7e1b6d8, 5, 1;
L_0x55eed2d1e380 .concat [ 1 31 0 0], L_0x55eed2d1e210, L_0x7fc3a7e1b2e8;
L_0x55eed2d1e4c0 .cmp/eq 32, L_0x55eed2d1e380, L_0x7fc3a7e1b330;
L_0x55eed2d1e6e0 .functor MUXZ 1, L_0x55eed2d1cf40, L_0x7fc3a7e1b720, L_0x55eed2d1e4c0, C4<>;
L_0x55eed2d1e7d0 .part L_0x7fc3a7e1b6d8, 6, 1;
L_0x55eed2d1e960 .concat [ 1 31 0 0], L_0x55eed2d1e7d0, L_0x7fc3a7e1b378;
L_0x55eed2d1eaa0 .cmp/eq 32, L_0x55eed2d1e960, L_0x7fc3a7e1b3c0;
L_0x55eed2d1ed10 .functor MUXZ 1, L_0x55eed2d1cf40, L_0x7fc3a7e1b720, L_0x55eed2d1eaa0, C4<>;
L_0x55eed2d1ee90 .part L_0x7fc3a7e1b6d8, 7, 1;
L_0x55eed2d1f040 .concat [ 1 31 0 0], L_0x55eed2d1ee90, L_0x7fc3a7e1b408;
L_0x55eed2d1f130 .cmp/eq 32, L_0x55eed2d1f040, L_0x7fc3a7e1b450;
L_0x55eed2d1f3c0 .functor MUXZ 1, L_0x55eed2d1d5e0, L_0x7fc3a7e1b720, L_0x55eed2d1f130, C4<>;
L_0x55eed2d1f500 .part L_0x7fc3a7e1b6d8, 8, 1;
L_0x55eed2d1f2a0 .concat [ 1 31 0 0], L_0x55eed2d1f500, L_0x7fc3a7e1b498;
L_0x55eed2d1f830 .cmp/eq 32, L_0x55eed2d1f2a0, L_0x7fc3a7e1b4e0;
L_0x55eed2d1fb50 .functor MUXZ 1, L_0x55eed2d1d270, L_0x7fc3a7e1b720, L_0x55eed2d1f830, C4<>;
L_0x55eed2d1fc90 .part L_0x7fc3a7e1b6d8, 9, 1;
L_0x55eed2d1fe80 .concat [ 1 31 0 0], L_0x55eed2d1fc90, L_0x7fc3a7e1b528;
L_0x55eed2d1ffc0 .cmp/eq 32, L_0x55eed2d1fe80, L_0x7fc3a7e1b570;
L_0x55eed2d20370 .functor MUXZ 1, L_0x55eed2d20260, L_0x7fc3a7e1b720, L_0x55eed2d1ffc0, C4<>;
L_0x55eed2d204b0 .part L_0x7fc3a7e1b6d8, 10, 1;
L_0x55eed2d206c0 .concat [ 1 31 0 0], L_0x55eed2d204b0, L_0x7fc3a7e1b5b8;
L_0x55eed2d20800 .cmp/eq 32, L_0x55eed2d206c0, L_0x7fc3a7e1b600;
L_0x55eed2d20bd0 .functor MUXZ 1, L_0x55eed2d20ac0, L_0x7fc3a7e1b720, L_0x55eed2d20800, C4<>;
L_0x55eed2d20d10 .part L_0x7fc3a7e1b6d8, 11, 1;
L_0x55eed2d20f40 .concat [ 1 31 0 0], L_0x55eed2d20d10, L_0x7fc3a7e1b648;
L_0x55eed2d21080 .cmp/eq 32, L_0x55eed2d20f40, L_0x7fc3a7e1b690;
L_0x55eed2d21470 .functor MUXZ 1, L_0x55eed2d21360, L_0x7fc3a7e1b720, L_0x55eed2d21080, C4<>;
S_0x55eed2cfd790 .scope module, "c11" "comp" 3 36, 5 3 0, S_0x55eed2cda480;
 .timescale -9 -12;
    .port_info 0 /INPUT 4 "gSign";
    .port_info 1 /INPUT 4 "cutSign";
    .port_info 2 /INPUT 1 "enable";
    .port_info 3 /OUTPUT 1 "y";
L_0x55eed2d2b8c0 .functor XOR 4, v0x55eed2d09ca0_0, v0x55eed2d0a4b0_0, C4<0000>, C4<0000>;
L_0x55eed2d2bac0 .functor OR 1, L_0x55eed2d2b930, L_0x55eed2d2ba20, C4<0>, C4<0>;
L_0x55eed2d2bc70 .functor OR 1, L_0x55eed2d2bac0, L_0x55eed2d2bbd0, C4<0>, C4<0>;
L_0x55eed2d2bdd0 .functor OR 1, L_0x55eed2d2bc70, L_0x55eed2d2bd30, C4<0>, C4<0>;
L_0x55eed2d2bee0 .functor AND 1, L_0x55eed2d2bdd0, v0x55eed2d0b960_0, C4<1>, C4<1>;
v0x55eed2cfd940_0 .net *"_ivl_11", 0 0, L_0x55eed2d2bbd0;  1 drivers
v0x55eed2cfda20_0 .net *"_ivl_12", 0 0, L_0x55eed2d2bc70;  1 drivers
v0x55eed2cfdb00_0 .net *"_ivl_15", 0 0, L_0x55eed2d2bd30;  1 drivers
v0x55eed2cfdbc0_0 .net *"_ivl_5", 0 0, L_0x55eed2d2b930;  1 drivers
v0x55eed2cfdca0_0 .net *"_ivl_7", 0 0, L_0x55eed2d2ba20;  1 drivers
v0x55eed2cfddd0_0 .net *"_ivl_8", 0 0, L_0x55eed2d2bac0;  1 drivers
v0x55eed2cfdeb0_0 .net "cutSign", 3 0, v0x55eed2d0a4b0_0;  alias, 1 drivers
v0x55eed2cfdf90_0 .net "en", 3 0, L_0x55eed2d2b820;  1 drivers
v0x55eed2cfe070_0 .net "enable", 0 0, v0x55eed2d0b960_0;  alias, 1 drivers
v0x55eed2cfe130_0 .net "gSign", 3 0, v0x55eed2d09ca0_0;  alias, 1 drivers
v0x55eed2cfe210_0 .net "x0", 3 0, L_0x55eed2d2b8c0;  1 drivers
v0x55eed2cfe2f0_0 .net "x1", 0 0, L_0x55eed2d2bdd0;  1 drivers
v0x55eed2cfe3b0_0 .net "y", 0 0, L_0x55eed2d2bee0;  alias, 1 drivers
L_0x55eed2d2b820 .concat [ 1 1 1 1], v0x55eed2d0b960_0, v0x55eed2d0b960_0, v0x55eed2d0b960_0, v0x55eed2d0b960_0;
L_0x55eed2d2b930 .part L_0x55eed2d2b8c0, 0, 1;
L_0x55eed2d2ba20 .part L_0x55eed2d2b8c0, 1, 1;
L_0x55eed2d2bbd0 .part L_0x55eed2d2b8c0, 2, 1;
L_0x55eed2d2bd30 .part L_0x55eed2d2b8c0, 3, 1;
S_0x55eed2cfe4f0 .scope module, "c2" "cut" 3 27, 4 2 0, S_0x55eed2cda480;
 .timescale -9 -12;
    .port_info 0 /INPUT 3 "a";
    .port_info 1 /INPUT 12 "check";
    .port_info 2 /INPUT 1 "value";
    .port_info 3 /OUTPUT 1 "y";
L_0x55eed2d27070 .functor OR 1, L_0x55eed2d27920, L_0x55eed2d27e50, C4<0>, C4<0>;
L_0x55eed2d2a410 .functor AND 1, L_0x55eed2d29090, L_0x55eed2d29680, C4<1>, C4<1>;
L_0x55eed2d2ac70 .functor OR 1, L_0x55eed2d28570, L_0x55eed2d29d00, C4<0>, C4<0>;
L_0x55eed2d2b510 .functor AND 1, L_0x55eed2d2a520, L_0x55eed2d2ad80, C4<1>, C4<1>;
L_0x55eed2d2b760 .functor BUFZ 1, L_0x55eed2d2b620, C4<0>, C4<0>, C4<0>;
v0x55eed2cfe6f0_0 .net *"_ivl_1", 0 0, L_0x55eed2d26530;  1 drivers
v0x55eed2cfe7d0_0 .net *"_ivl_103", 0 0, L_0x55eed2d297c0;  1 drivers
v0x55eed2cfe8b0_0 .net *"_ivl_104", 31 0, L_0x55eed2d29560;  1 drivers
L_0x7fc3a7e1c338 .functor BUFT 1, C4<0000000000000000000000000000000>, C4<0>, C4<0>, C4<0>;
v0x55eed2cfe970_0 .net *"_ivl_107", 30 0, L_0x7fc3a7e1c338;  1 drivers
L_0x7fc3a7e1c380 .functor BUFT 1, C4<00000000000000000000000000000001>, C4<0>, C4<0>, C4<0>;
v0x55eed2cfea50_0 .net/2u *"_ivl_108", 31 0, L_0x7fc3a7e1c380;  1 drivers
v0x55eed2cfeb80_0 .net *"_ivl_11", 0 0, L_0x55eed2d26850;  1 drivers
v0x55eed2cfec60_0 .net *"_ivl_110", 0 0, L_0x55eed2d299e0;  1 drivers
v0x55eed2cfed20_0 .net *"_ivl_112", 0 0, L_0x55eed2d27070;  1 drivers
v0x55eed2cfee00_0 .net *"_ivl_117", 0 0, L_0x55eed2d29e40;  1 drivers
v0x55eed2cfeee0_0 .net *"_ivl_118", 31 0, L_0x55eed2d2a030;  1 drivers
L_0x7fc3a7e1c3c8 .functor BUFT 1, C4<0000000000000000000000000000000>, C4<0>, C4<0>, C4<0>;
v0x55eed2cfefc0_0 .net *"_ivl_121", 30 0, L_0x7fc3a7e1c3c8;  1 drivers
L_0x7fc3a7e1c410 .functor BUFT 1, C4<00000000000000000000000000000001>, C4<0>, C4<0>, C4<0>;
v0x55eed2cff0a0_0 .net/2u *"_ivl_122", 31 0, L_0x7fc3a7e1c410;  1 drivers
v0x55eed2cff180_0 .net *"_ivl_124", 0 0, L_0x55eed2d2a170;  1 drivers
v0x55eed2cff240_0 .net *"_ivl_126", 0 0, L_0x55eed2d2a410;  1 drivers
v0x55eed2cff320_0 .net *"_ivl_131", 0 0, L_0x55eed2d2a660;  1 drivers
v0x55eed2cff400_0 .net *"_ivl_132", 31 0, L_0x55eed2d2a870;  1 drivers
L_0x7fc3a7e1c458 .functor BUFT 1, C4<0000000000000000000000000000000>, C4<0>, C4<0>, C4<0>;
v0x55eed2cff4e0_0 .net *"_ivl_135", 30 0, L_0x7fc3a7e1c458;  1 drivers
L_0x7fc3a7e1c4a0 .functor BUFT 1, C4<00000000000000000000000000000001>, C4<0>, C4<0>, C4<0>;
v0x55eed2cff5c0_0 .net/2u *"_ivl_136", 31 0, L_0x7fc3a7e1c4a0;  1 drivers
v0x55eed2cff6a0_0 .net *"_ivl_138", 0 0, L_0x55eed2d2a9b0;  1 drivers
v0x55eed2cff760_0 .net *"_ivl_140", 0 0, L_0x55eed2d2ac70;  1 drivers
v0x55eed2cff840_0 .net *"_ivl_145", 0 0, L_0x55eed2d2aec0;  1 drivers
v0x55eed2cff920_0 .net *"_ivl_146", 31 0, L_0x55eed2d2b0f0;  1 drivers
L_0x7fc3a7e1c4e8 .functor BUFT 1, C4<0000000000000000000000000000000>, C4<0>, C4<0>, C4<0>;
v0x55eed2cffa00_0 .net *"_ivl_149", 30 0, L_0x7fc3a7e1c4e8;  1 drivers
v0x55eed2cffae0_0 .net *"_ivl_15", 0 0, L_0x55eed2d269e0;  1 drivers
L_0x7fc3a7e1c530 .functor BUFT 1, C4<00000000000000000000000000000001>, C4<0>, C4<0>, C4<0>;
v0x55eed2cffbc0_0 .net/2u *"_ivl_150", 31 0, L_0x7fc3a7e1c530;  1 drivers
v0x55eed2cffca0_0 .net *"_ivl_152", 0 0, L_0x55eed2d2b230;  1 drivers
v0x55eed2cffd60_0 .net *"_ivl_154", 0 0, L_0x55eed2d2b510;  1 drivers
v0x55eed2cffe40_0 .net *"_ivl_16", 31 0, L_0x55eed2d26ac0;  1 drivers
L_0x7fc3a7e1bf48 .functor BUFT 1, C4<0000000000000000000000000000000>, C4<0>, C4<0>, C4<0>;
v0x55eed2cfff20_0 .net *"_ivl_19", 30 0, L_0x7fc3a7e1bf48;  1 drivers
v0x55eed2d00000_0 .net *"_ivl_2", 31 0, L_0x55eed2d265d0;  1 drivers
L_0x7fc3a7e1bf90 .functor BUFT 1, C4<00000000000000000000000000000001>, C4<0>, C4<0>, C4<0>;
v0x55eed2d000e0_0 .net/2u *"_ivl_20", 31 0, L_0x7fc3a7e1bf90;  1 drivers
v0x55eed2d001c0_0 .net *"_ivl_22", 0 0, L_0x55eed2d26bb0;  1 drivers
v0x55eed2d00280_0 .net *"_ivl_25", 0 0, L_0x55eed2d26d40;  1 drivers
v0x55eed2d00360_0 .net *"_ivl_29", 0 0, L_0x55eed2d26f30;  1 drivers
v0x55eed2d00440_0 .net *"_ivl_30", 31 0, L_0x55eed2d26fd0;  1 drivers
L_0x7fc3a7e1bfd8 .functor BUFT 1, C4<0000000000000000000000000000000>, C4<0>, C4<0>, C4<0>;
v0x55eed2d00520_0 .net *"_ivl_33", 30 0, L_0x7fc3a7e1bfd8;  1 drivers
L_0x7fc3a7e1c020 .functor BUFT 1, C4<00000000000000000000000000000001>, C4<0>, C4<0>, C4<0>;
v0x55eed2d00600_0 .net/2u *"_ivl_34", 31 0, L_0x7fc3a7e1c020;  1 drivers
v0x55eed2d006e0_0 .net *"_ivl_36", 0 0, L_0x55eed2d27130;  1 drivers
v0x55eed2d007a0_0 .net *"_ivl_39", 0 0, L_0x55eed2d27270;  1 drivers
v0x55eed2d00880_0 .net *"_ivl_43", 0 0, L_0x55eed2d274d0;  1 drivers
v0x55eed2d00960_0 .net *"_ivl_44", 31 0, L_0x55eed2d27600;  1 drivers
L_0x7fc3a7e1c068 .functor BUFT 1, C4<0000000000000000000000000000000>, C4<0>, C4<0>, C4<0>;
v0x55eed2d00a40_0 .net *"_ivl_47", 30 0, L_0x7fc3a7e1c068;  1 drivers
L_0x7fc3a7e1c0b0 .functor BUFT 1, C4<00000000000000000000000000000001>, C4<0>, C4<0>, C4<0>;
v0x55eed2d00b20_0 .net/2u *"_ivl_48", 31 0, L_0x7fc3a7e1c0b0;  1 drivers
L_0x7fc3a7e1beb8 .functor BUFT 1, C4<0000000000000000000000000000000>, C4<0>, C4<0>, C4<0>;
v0x55eed2d00c00_0 .net *"_ivl_5", 30 0, L_0x7fc3a7e1beb8;  1 drivers
v0x55eed2d00ce0_0 .net *"_ivl_50", 0 0, L_0x55eed2d27740;  1 drivers
v0x55eed2d00da0_0 .net *"_ivl_55", 0 0, L_0x55eed2d27a60;  1 drivers
v0x55eed2d00e80_0 .net *"_ivl_56", 31 0, L_0x55eed2d27880;  1 drivers
L_0x7fc3a7e1c0f8 .functor BUFT 1, C4<0000000000000000000000000000000>, C4<0>, C4<0>, C4<0>;
v0x55eed2d00f60_0 .net *"_ivl_59", 30 0, L_0x7fc3a7e1c0f8;  1 drivers
L_0x7fc3a7e1bf00 .functor BUFT 1, C4<00000000000000000000000000000001>, C4<0>, C4<0>, C4<0>;
v0x55eed2d01040_0 .net/2u *"_ivl_6", 31 0, L_0x7fc3a7e1bf00;  1 drivers
L_0x7fc3a7e1c140 .functor BUFT 1, C4<00000000000000000000000000000001>, C4<0>, C4<0>, C4<0>;
v0x55eed2d01120_0 .net/2u *"_ivl_60", 31 0, L_0x7fc3a7e1c140;  1 drivers
v0x55eed2d01200_0 .net *"_ivl_62", 0 0, L_0x55eed2d27c50;  1 drivers
v0x55eed2d012c0_0 .net *"_ivl_67", 0 0, L_0x55eed2d27f90;  1 drivers
v0x55eed2d013a0_0 .net *"_ivl_68", 31 0, L_0x55eed2d28210;  1 drivers
L_0x7fc3a7e1c188 .functor BUFT 1, C4<0000000000000000000000000000000>, C4<0>, C4<0>, C4<0>;
v0x55eed2d01480_0 .net *"_ivl_71", 30 0, L_0x7fc3a7e1c188;  1 drivers
L_0x7fc3a7e1c1d0 .functor BUFT 1, C4<00000000000000000000000000000001>, C4<0>, C4<0>, C4<0>;
v0x55eed2d01560_0 .net/2u *"_ivl_72", 31 0, L_0x7fc3a7e1c1d0;  1 drivers
v0x55eed2d01640_0 .net *"_ivl_74", 0 0, L_0x55eed2d28350;  1 drivers
v0x55eed2d01700_0 .net *"_ivl_79", 0 0, L_0x55eed2d28770;  1 drivers
v0x55eed2d017e0_0 .net *"_ivl_8", 0 0, L_0x55eed2d26710;  1 drivers
v0x55eed2d018a0_0 .net *"_ivl_80", 31 0, L_0x55eed2d28900;  1 drivers
L_0x7fc3a7e1c218 .functor BUFT 1, C4<0000000000000000000000000000000>, C4<0>, C4<0>, C4<0>;
v0x55eed2d01980_0 .net *"_ivl_83", 30 0, L_0x7fc3a7e1c218;  1 drivers
L_0x7fc3a7e1c260 .functor BUFT 1, C4<00000000000000000000000000000001>, C4<0>, C4<0>, C4<0>;
v0x55eed2d01a60_0 .net/2u *"_ivl_84", 31 0, L_0x7fc3a7e1c260;  1 drivers
v0x55eed2d01b40_0 .net *"_ivl_86", 0 0, L_0x55eed2d28e50;  1 drivers
v0x55eed2d01c00_0 .net *"_ivl_91", 0 0, L_0x55eed2d29180;  1 drivers
v0x55eed2d01ce0_0 .net *"_ivl_92", 31 0, L_0x55eed2d29330;  1 drivers
L_0x7fc3a7e1c2a8 .functor BUFT 1, C4<0000000000000000000000000000000>, C4<0>, C4<0>, C4<0>;
v0x55eed2d01dc0_0 .net *"_ivl_95", 30 0, L_0x7fc3a7e1c2a8;  1 drivers
L_0x7fc3a7e1c2f0 .functor BUFT 1, C4<00000000000000000000000000000001>, C4<0>, C4<0>, C4<0>;
v0x55eed2d022b0_0 .net/2u *"_ivl_96", 31 0, L_0x7fc3a7e1c2f0;  1 drivers
v0x55eed2d02390_0 .net *"_ivl_98", 0 0, L_0x55eed2d29420;  1 drivers
v0x55eed2d02450_0 .net "a", 2 0, L_0x55eed2d0c0a0;  alias, 1 drivers
v0x55eed2d02530_0 .net "aa", 0 0, L_0x55eed2d268f0;  1 drivers
v0x55eed2d025f0_0 .net "b", 0 0, L_0x55eed2d26de0;  1 drivers
v0x55eed2d026b0_0 .net "c", 0 0, L_0x55eed2d27390;  1 drivers
v0x55eed2d02770_0 .net "check", 11 0, v0x55eed2d0b690_0;  alias, 1 drivers
v0x55eed2d02850_0 .net "value", 0 0, v0x55eed2d0bcb0_0;  alias, 1 drivers
v0x55eed2d02910_0 .net "w1", 0 0, L_0x55eed2d27920;  1 drivers
v0x55eed2d029d0_0 .net "w2", 0 0, L_0x55eed2d27e50;  1 drivers
v0x55eed2d02a90_0 .net "w3", 0 0, L_0x55eed2d28570;  1 drivers
v0x55eed2d02b50_0 .net "w4", 0 0, L_0x55eed2d29090;  1 drivers
v0x55eed2d02c10_0 .net "w5", 0 0, L_0x55eed2d29680;  1 drivers
v0x55eed2d02cd0_0 .net "w6", 0 0, L_0x55eed2d29d00;  1 drivers
v0x55eed2d02d90_0 .net "w7", 0 0, L_0x55eed2d2a520;  1 drivers
v0x55eed2d02e50_0 .net "w8", 0 0, L_0x55eed2d2ad80;  1 drivers
v0x55eed2d02f10_0 .net "w9", 0 0, L_0x55eed2d2b620;  1 drivers
v0x55eed2d02fd0_0 .net "y", 0 0, L_0x55eed2d2b760;  alias, 1 drivers
L_0x55eed2d26530 .part v0x55eed2d0b690_0, 0, 1;
L_0x55eed2d265d0 .concat [ 1 31 0 0], L_0x55eed2d26530, L_0x7fc3a7e1beb8;
L_0x55eed2d26710 .cmp/eq 32, L_0x55eed2d265d0, L_0x7fc3a7e1bf00;
L_0x55eed2d26850 .part L_0x55eed2d0c0a0, 0, 1;
L_0x55eed2d268f0 .functor MUXZ 1, L_0x55eed2d26850, v0x55eed2d0bcb0_0, L_0x55eed2d26710, C4<>;
L_0x55eed2d269e0 .part v0x55eed2d0b690_0, 1, 1;
L_0x55eed2d26ac0 .concat [ 1 31 0 0], L_0x55eed2d269e0, L_0x7fc3a7e1bf48;
L_0x55eed2d26bb0 .cmp/eq 32, L_0x55eed2d26ac0, L_0x7fc3a7e1bf90;
L_0x55eed2d26d40 .part L_0x55eed2d0c0a0, 1, 1;
L_0x55eed2d26de0 .functor MUXZ 1, L_0x55eed2d26d40, v0x55eed2d0bcb0_0, L_0x55eed2d26bb0, C4<>;
L_0x55eed2d26f30 .part v0x55eed2d0b690_0, 2, 1;
L_0x55eed2d26fd0 .concat [ 1 31 0 0], L_0x55eed2d26f30, L_0x7fc3a7e1bfd8;
L_0x55eed2d27130 .cmp/eq 32, L_0x55eed2d26fd0, L_0x7fc3a7e1c020;
L_0x55eed2d27270 .part L_0x55eed2d0c0a0, 2, 1;
L_0x55eed2d27390 .functor MUXZ 1, L_0x55eed2d27270, v0x55eed2d0bcb0_0, L_0x55eed2d27130, C4<>;
L_0x55eed2d274d0 .part v0x55eed2d0b690_0, 3, 1;
L_0x55eed2d27600 .concat [ 1 31 0 0], L_0x55eed2d274d0, L_0x7fc3a7e1c068;
L_0x55eed2d27740 .cmp/eq 32, L_0x55eed2d27600, L_0x7fc3a7e1c0b0;
L_0x55eed2d27920 .functor MUXZ 1, L_0x55eed2d268f0, v0x55eed2d0bcb0_0, L_0x55eed2d27740, C4<>;
L_0x55eed2d27a60 .part v0x55eed2d0b690_0, 4, 1;
L_0x55eed2d27880 .concat [ 1 31 0 0], L_0x55eed2d27a60, L_0x7fc3a7e1c0f8;
L_0x55eed2d27c50 .cmp/eq 32, L_0x55eed2d27880, L_0x7fc3a7e1c140;
L_0x55eed2d27e50 .functor MUXZ 1, L_0x55eed2d26de0, v0x55eed2d0bcb0_0, L_0x55eed2d27c50, C4<>;
L_0x55eed2d27f90 .part v0x55eed2d0b690_0, 5, 1;
L_0x55eed2d28210 .concat [ 1 31 0 0], L_0x55eed2d27f90, L_0x7fc3a7e1c188;
L_0x55eed2d28350 .cmp/eq 32, L_0x55eed2d28210, L_0x7fc3a7e1c1d0;
L_0x55eed2d28570 .functor MUXZ 1, L_0x55eed2d26de0, v0x55eed2d0bcb0_0, L_0x55eed2d28350, C4<>;
L_0x55eed2d28770 .part v0x55eed2d0b690_0, 6, 1;
L_0x55eed2d28900 .concat [ 1 31 0 0], L_0x55eed2d28770, L_0x7fc3a7e1c218;
L_0x55eed2d28e50 .cmp/eq 32, L_0x55eed2d28900, L_0x7fc3a7e1c260;
L_0x55eed2d29090 .functor MUXZ 1, L_0x55eed2d26de0, v0x55eed2d0bcb0_0, L_0x55eed2d28e50, C4<>;
L_0x55eed2d29180 .part v0x55eed2d0b690_0, 7, 1;
L_0x55eed2d29330 .concat [ 1 31 0 0], L_0x55eed2d29180, L_0x7fc3a7e1c2a8;
L_0x55eed2d29420 .cmp/eq 32, L_0x55eed2d29330, L_0x7fc3a7e1c2f0;
L_0x55eed2d29680 .functor MUXZ 1, L_0x55eed2d27390, v0x55eed2d0bcb0_0, L_0x55eed2d29420, C4<>;
L_0x55eed2d297c0 .part v0x55eed2d0b690_0, 8, 1;
L_0x55eed2d29560 .concat [ 1 31 0 0], L_0x55eed2d297c0, L_0x7fc3a7e1c338;
L_0x55eed2d299e0 .cmp/eq 32, L_0x55eed2d29560, L_0x7fc3a7e1c380;
L_0x55eed2d29d00 .functor MUXZ 1, L_0x55eed2d27070, v0x55eed2d0bcb0_0, L_0x55eed2d299e0, C4<>;
L_0x55eed2d29e40 .part v0x55eed2d0b690_0, 9, 1;
L_0x55eed2d2a030 .concat [ 1 31 0 0], L_0x55eed2d29e40, L_0x7fc3a7e1c3c8;
L_0x55eed2d2a170 .cmp/eq 32, L_0x55eed2d2a030, L_0x7fc3a7e1c410;
L_0x55eed2d2a520 .functor MUXZ 1, L_0x55eed2d2a410, v0x55eed2d0bcb0_0, L_0x55eed2d2a170, C4<>;
L_0x55eed2d2a660 .part v0x55eed2d0b690_0, 10, 1;
L_0x55eed2d2a870 .concat [ 1 31 0 0], L_0x55eed2d2a660, L_0x7fc3a7e1c458;
L_0x55eed2d2a9b0 .cmp/eq 32, L_0x55eed2d2a870, L_0x7fc3a7e1c4a0;
L_0x55eed2d2ad80 .functor MUXZ 1, L_0x55eed2d2ac70, v0x55eed2d0bcb0_0, L_0x55eed2d2a9b0, C4<>;
L_0x55eed2d2aec0 .part v0x55eed2d0b690_0, 11, 1;
L_0x55eed2d2b0f0 .concat [ 1 31 0 0], L_0x55eed2d2aec0, L_0x7fc3a7e1c4e8;
L_0x55eed2d2b230 .cmp/eq 32, L_0x55eed2d2b0f0, L_0x7fc3a7e1c530;
L_0x55eed2d2b620 .functor MUXZ 1, L_0x55eed2d2b510, v0x55eed2d0bcb0_0, L_0x55eed2d2b230, C4<>;
S_0x55eed2d03110 .scope module, "c3" "cut" 3 26, 4 2 0, S_0x55eed2cda480;
 .timescale -9 -12;
    .port_info 0 /INPUT 3 "a";
    .port_info 1 /INPUT 12 "check";
    .port_info 2 /INPUT 1 "value";
    .port_info 3 /OUTPUT 1 "y";
L_0x55eed2d22450 .functor OR 1, L_0x55eed2d22cb0, L_0x55eed2d23190, C4<0>, C4<0>;
L_0x55eed2d25120 .functor AND 1, L_0x55eed2d23da0, L_0x55eed2d24390, C4<1>, C4<1>;
L_0x55eed2d25980 .functor OR 1, L_0x55eed2d237a0, L_0x55eed2d24a10, C4<0>, C4<0>;
L_0x55eed2d26220 .functor AND 1, L_0x55eed2d25230, L_0x55eed2d25a90, C4<1>, C4<1>;
L_0x55eed2d26470 .functor BUFZ 1, L_0x55eed2d26330, C4<0>, C4<0>, C4<0>;
v0x55eed2d03310_0 .net *"_ivl_1", 0 0, L_0x55eed2d21670;  1 drivers
v0x55eed2d03410_0 .net *"_ivl_103", 0 0, L_0x55eed2d244d0;  1 drivers
v0x55eed2d034f0_0 .net *"_ivl_104", 31 0, L_0x55eed2d24270;  1 drivers
L_0x7fc3a7e1bbe8 .functor BUFT 1, C4<0000000000000000000000000000000>, C4<0>, C4<0>, C4<0>;
v0x55eed2d035e0_0 .net *"_ivl_107", 30 0, L_0x7fc3a7e1bbe8;  1 drivers
L_0x7fc3a7e1bc30 .functor BUFT 1, C4<00000000000000000000000000000001>, C4<0>, C4<0>, C4<0>;
v0x55eed2d036c0_0 .net/2u *"_ivl_108", 31 0, L_0x7fc3a7e1bc30;  1 drivers
v0x55eed2d037f0_0 .net *"_ivl_11", 0 0, L_0x55eed2d21990;  1 drivers
v0x55eed2d038d0_0 .net *"_ivl_110", 0 0, L_0x55eed2d246f0;  1 drivers
v0x55eed2d03990_0 .net *"_ivl_112", 0 0, L_0x55eed2d22450;  1 drivers
v0x55eed2d03a70_0 .net *"_ivl_117", 0 0, L_0x55eed2d24b50;  1 drivers
v0x55eed2d03b50_0 .net *"_ivl_118", 31 0, L_0x55eed2d24d40;  1 drivers
L_0x7fc3a7e1bc78 .functor BUFT 1, C4<0000000000000000000000000000000>, C4<0>, C4<0>, C4<0>;
v0x55eed2d03c30_0 .net *"_ivl_121", 30 0, L_0x7fc3a7e1bc78;  1 drivers
L_0x7fc3a7e1bcc0 .functor BUFT 1, C4<00000000000000000000000000000001>, C4<0>, C4<0>, C4<0>;
v0x55eed2d03d10_0 .net/2u *"_ivl_122", 31 0, L_0x7fc3a7e1bcc0;  1 drivers
v0x55eed2d03df0_0 .net *"_ivl_124", 0 0, L_0x55eed2d24e80;  1 drivers
v0x55eed2d03eb0_0 .net *"_ivl_126", 0 0, L_0x55eed2d25120;  1 drivers
v0x55eed2d03f90_0 .net *"_ivl_131", 0 0, L_0x55eed2d25370;  1 drivers
v0x55eed2d04070_0 .net *"_ivl_132", 31 0, L_0x55eed2d25580;  1 drivers
L_0x7fc3a7e1bd08 .functor BUFT 1, C4<0000000000000000000000000000000>, C4<0>, C4<0>, C4<0>;
v0x55eed2d04150_0 .net *"_ivl_135", 30 0, L_0x7fc3a7e1bd08;  1 drivers
L_0x7fc3a7e1bd50 .functor BUFT 1, C4<00000000000000000000000000000001>, C4<0>, C4<0>, C4<0>;
v0x55eed2d04230_0 .net/2u *"_ivl_136", 31 0, L_0x7fc3a7e1bd50;  1 drivers
v0x55eed2d04310_0 .net *"_ivl_138", 0 0, L_0x55eed2d256c0;  1 drivers
v0x55eed2d043d0_0 .net *"_ivl_140", 0 0, L_0x55eed2d25980;  1 drivers
v0x55eed2d044b0_0 .net *"_ivl_145", 0 0, L_0x55eed2d25bd0;  1 drivers
v0x55eed2d04590_0 .net *"_ivl_146", 31 0, L_0x55eed2d25e00;  1 drivers
L_0x7fc3a7e1bd98 .functor BUFT 1, C4<0000000000000000000000000000000>, C4<0>, C4<0>, C4<0>;
v0x55eed2d04670_0 .net *"_ivl_149", 30 0, L_0x7fc3a7e1bd98;  1 drivers
v0x55eed2d04750_0 .net *"_ivl_15", 0 0, L_0x55eed2d21b70;  1 drivers
L_0x7fc3a7e1bde0 .functor BUFT 1, C4<00000000000000000000000000000001>, C4<0>, C4<0>, C4<0>;
v0x55eed2d04830_0 .net/2u *"_ivl_150", 31 0, L_0x7fc3a7e1bde0;  1 drivers
v0x55eed2d04910_0 .net *"_ivl_152", 0 0, L_0x55eed2d25f40;  1 drivers
v0x55eed2d049d0_0 .net *"_ivl_154", 0 0, L_0x55eed2d26220;  1 drivers
v0x55eed2d04ab0_0 .net *"_ivl_16", 31 0, L_0x55eed2d21ca0;  1 drivers
L_0x7fc3a7e1b7f8 .functor BUFT 1, C4<0000000000000000000000000000000>, C4<0>, C4<0>, C4<0>;
v0x55eed2d04b90_0 .net *"_ivl_19", 30 0, L_0x7fc3a7e1b7f8;  1 drivers
v0x55eed2d04c70_0 .net *"_ivl_2", 31 0, L_0x55eed2d21710;  1 drivers
L_0x7fc3a7e1b840 .functor BUFT 1, C4<00000000000000000000000000000001>, C4<0>, C4<0>, C4<0>;
v0x55eed2d04d50_0 .net/2u *"_ivl_20", 31 0, L_0x7fc3a7e1b840;  1 drivers
v0x55eed2d04e30_0 .net *"_ivl_22", 0 0, L_0x55eed2d21de0;  1 drivers
v0x55eed2d04ef0_0 .net *"_ivl_25", 0 0, L_0x55eed2d21f70;  1 drivers
v0x55eed2d04fd0_0 .net *"_ivl_29", 0 0, L_0x55eed2d222c0;  1 drivers
v0x55eed2d050b0_0 .net *"_ivl_30", 31 0, L_0x55eed2d22360;  1 drivers
L_0x7fc3a7e1b888 .functor BUFT 1, C4<0000000000000000000000000000000>, C4<0>, C4<0>, C4<0>;
v0x55eed2d05190_0 .net *"_ivl_33", 30 0, L_0x7fc3a7e1b888;  1 drivers
L_0x7fc3a7e1b8d0 .functor BUFT 1, C4<00000000000000000000000000000001>, C4<0>, C4<0>, C4<0>;
v0x55eed2d05270_0 .net/2u *"_ivl_34", 31 0, L_0x7fc3a7e1b8d0;  1 drivers
v0x55eed2d05350_0 .net *"_ivl_36", 0 0, L_0x55eed2d22510;  1 drivers
v0x55eed2d05410_0 .net *"_ivl_39", 0 0, L_0x55eed2d22650;  1 drivers
v0x55eed2d054f0_0 .net *"_ivl_43", 0 0, L_0x55eed2d228b0;  1 drivers
v0x55eed2d055d0_0 .net *"_ivl_44", 31 0, L_0x55eed2d229e0;  1 drivers
L_0x7fc3a7e1b918 .functor BUFT 1, C4<0000000000000000000000000000000>, C4<0>, C4<0>, C4<0>;
v0x55eed2d056b0_0 .net *"_ivl_47", 30 0, L_0x7fc3a7e1b918;  1 drivers
L_0x7fc3a7e1b960 .functor BUFT 1, C4<00000000000000000000000000000001>, C4<0>, C4<0>, C4<0>;
v0x55eed2d05790_0 .net/2u *"_ivl_48", 31 0, L_0x7fc3a7e1b960;  1 drivers
L_0x7fc3a7e1b768 .functor BUFT 1, C4<0000000000000000000000000000000>, C4<0>, C4<0>, C4<0>;
v0x55eed2d05870_0 .net *"_ivl_5", 30 0, L_0x7fc3a7e1b768;  1 drivers
v0x55eed2d05950_0 .net *"_ivl_50", 0 0, L_0x55eed2d22ad0;  1 drivers
v0x55eed2d05a10_0 .net *"_ivl_55", 0 0, L_0x55eed2d22df0;  1 drivers
v0x55eed2d05af0_0 .net *"_ivl_56", 31 0, L_0x55eed2d22c10;  1 drivers
L_0x7fc3a7e1b9a8 .functor BUFT 1, C4<0000000000000000000000000000000>, C4<0>, C4<0>, C4<0>;
v0x55eed2d05bd0_0 .net *"_ivl_59", 30 0, L_0x7fc3a7e1b9a8;  1 drivers
L_0x7fc3a7e1b7b0 .functor BUFT 1, C4<00000000000000000000000000000001>, C4<0>, C4<0>, C4<0>;
v0x55eed2d05cb0_0 .net/2u *"_ivl_6", 31 0, L_0x7fc3a7e1b7b0;  1 drivers
L_0x7fc3a7e1b9f0 .functor BUFT 1, C4<00000000000000000000000000000001>, C4<0>, C4<0>, C4<0>;
v0x55eed2d05d90_0 .net/2u *"_ivl_60", 31 0, L_0x7fc3a7e1b9f0;  1 drivers
v0x55eed2d05e70_0 .net *"_ivl_62", 0 0, L_0x55eed2d22f90;  1 drivers
v0x55eed2d05f30_0 .net *"_ivl_67", 0 0, L_0x55eed2d232d0;  1 drivers
v0x55eed2d06010_0 .net *"_ivl_68", 31 0, L_0x55eed2d23440;  1 drivers
L_0x7fc3a7e1ba38 .functor BUFT 1, C4<0000000000000000000000000000000>, C4<0>, C4<0>, C4<0>;
v0x55eed2d060f0_0 .net *"_ivl_71", 30 0, L_0x7fc3a7e1ba38;  1 drivers
L_0x7fc3a7e1ba80 .functor BUFT 1, C4<00000000000000000000000000000001>, C4<0>, C4<0>, C4<0>;
v0x55eed2d061d0_0 .net/2u *"_ivl_72", 31 0, L_0x7fc3a7e1ba80;  1 drivers
v0x55eed2d062b0_0 .net *"_ivl_74", 0 0, L_0x55eed2d23580;  1 drivers
v0x55eed2d06370_0 .net *"_ivl_79", 0 0, L_0x55eed2d23890;  1 drivers
v0x55eed2d06450_0 .net *"_ivl_8", 0 0, L_0x55eed2d21850;  1 drivers
v0x55eed2d06510_0 .net *"_ivl_80", 31 0, L_0x55eed2d23a20;  1 drivers
L_0x7fc3a7e1bac8 .functor BUFT 1, C4<0000000000000000000000000000000>, C4<0>, C4<0>, C4<0>;
v0x55eed2d065f0_0 .net *"_ivl_83", 30 0, L_0x7fc3a7e1bac8;  1 drivers
L_0x7fc3a7e1bb10 .functor BUFT 1, C4<00000000000000000000000000000001>, C4<0>, C4<0>, C4<0>;
v0x55eed2d066d0_0 .net/2u *"_ivl_84", 31 0, L_0x7fc3a7e1bb10;  1 drivers
v0x55eed2d067b0_0 .net *"_ivl_86", 0 0, L_0x55eed2d23b60;  1 drivers
v0x55eed2d06870_0 .net *"_ivl_91", 0 0, L_0x55eed2d23e90;  1 drivers
v0x55eed2d06950_0 .net *"_ivl_92", 31 0, L_0x55eed2d24040;  1 drivers
L_0x7fc3a7e1bb58 .functor BUFT 1, C4<0000000000000000000000000000000>, C4<0>, C4<0>, C4<0>;
v0x55eed2d06a30_0 .net *"_ivl_95", 30 0, L_0x7fc3a7e1bb58;  1 drivers
L_0x7fc3a7e1bba0 .functor BUFT 1, C4<00000000000000000000000000000001>, C4<0>, C4<0>, C4<0>;
v0x55eed2d06f20_0 .net/2u *"_ivl_96", 31 0, L_0x7fc3a7e1bba0;  1 drivers
v0x55eed2d07000_0 .net *"_ivl_98", 0 0, L_0x55eed2d24130;  1 drivers
v0x55eed2d070c0_0 .net "a", 2 0, v0x55eed2d0ba00_0;  alias, 1 drivers
v0x55eed2d071a0_0 .net "aa", 0 0, L_0x55eed2d21a30;  1 drivers
v0x55eed2d07260_0 .net "b", 0 0, L_0x55eed2d22120;  1 drivers
v0x55eed2d07320_0 .net "c", 0 0, L_0x55eed2d22770;  1 drivers
L_0x7fc3a7e1be28 .functor BUFT 1, C4<000000000000>, C4<0>, C4<0>, C4<0>;
v0x55eed2d073e0_0 .net "check", 11 0, L_0x7fc3a7e1be28;  1 drivers
L_0x7fc3a7e1be70 .functor BUFT 1, C4<0>, C4<0>, C4<0>, C4<0>;
v0x55eed2d074c0_0 .net "value", 0 0, L_0x7fc3a7e1be70;  1 drivers
v0x55eed2d07580_0 .net "w1", 0 0, L_0x55eed2d22cb0;  1 drivers
v0x55eed2d07640_0 .net "w2", 0 0, L_0x55eed2d23190;  1 drivers
v0x55eed2d07700_0 .net "w3", 0 0, L_0x55eed2d237a0;  1 drivers
v0x55eed2d077c0_0 .net "w4", 0 0, L_0x55eed2d23da0;  1 drivers
v0x55eed2d07880_0 .net "w5", 0 0, L_0x55eed2d24390;  1 drivers
v0x55eed2d07940_0 .net "w6", 0 0, L_0x55eed2d24a10;  1 drivers
v0x55eed2d07a00_0 .net "w7", 0 0, L_0x55eed2d25230;  1 drivers
v0x55eed2d07ac0_0 .net "w8", 0 0, L_0x55eed2d25a90;  1 drivers
v0x55eed2d07b80_0 .net "w9", 0 0, L_0x55eed2d26330;  1 drivers
v0x55eed2d07c40_0 .net "y", 0 0, L_0x55eed2d26470;  alias, 1 drivers
L_0x55eed2d21670 .part L_0x7fc3a7e1be28, 0, 1;
L_0x55eed2d21710 .concat [ 1 31 0 0], L_0x55eed2d21670, L_0x7fc3a7e1b768;
L_0x55eed2d21850 .cmp/eq 32, L_0x55eed2d21710, L_0x7fc3a7e1b7b0;
L_0x55eed2d21990 .part v0x55eed2d0ba00_0, 0, 1;
L_0x55eed2d21a30 .functor MUXZ 1, L_0x55eed2d21990, L_0x7fc3a7e1be70, L_0x55eed2d21850, C4<>;
L_0x55eed2d21b70 .part L_0x7fc3a7e1be28, 1, 1;
L_0x55eed2d21ca0 .concat [ 1 31 0 0], L_0x55eed2d21b70, L_0x7fc3a7e1b7f8;
L_0x55eed2d21de0 .cmp/eq 32, L_0x55eed2d21ca0, L_0x7fc3a7e1b840;
L_0x55eed2d21f70 .part v0x55eed2d0ba00_0, 1, 1;
L_0x55eed2d22120 .functor MUXZ 1, L_0x55eed2d21f70, L_0x7fc3a7e1be70, L_0x55eed2d21de0, C4<>;
L_0x55eed2d222c0 .part L_0x7fc3a7e1be28, 2, 1;
L_0x55eed2d22360 .concat [ 1 31 0 0], L_0x55eed2d222c0, L_0x7fc3a7e1b888;
L_0x55eed2d22510 .cmp/eq 32, L_0x55eed2d22360, L_0x7fc3a7e1b8d0;
L_0x55eed2d22650 .part v0x55eed2d0ba00_0, 2, 1;
L_0x55eed2d22770 .functor MUXZ 1, L_0x55eed2d22650, L_0x7fc3a7e1be70, L_0x55eed2d22510, C4<>;
L_0x55eed2d228b0 .part L_0x7fc3a7e1be28, 3, 1;
L_0x55eed2d229e0 .concat [ 1 31 0 0], L_0x55eed2d228b0, L_0x7fc3a7e1b918;
L_0x55eed2d22ad0 .cmp/eq 32, L_0x55eed2d229e0, L_0x7fc3a7e1b960;
L_0x55eed2d22cb0 .functor MUXZ 1, L_0x55eed2d21a30, L_0x7fc3a7e1be70, L_0x55eed2d22ad0, C4<>;
L_0x55eed2d22df0 .part L_0x7fc3a7e1be28, 4, 1;
L_0x55eed2d22c10 .concat [ 1 31 0 0], L_0x55eed2d22df0, L_0x7fc3a7e1b9a8;
L_0x55eed2d22f90 .cmp/eq 32, L_0x55eed2d22c10, L_0x7fc3a7e1b9f0;
L_0x55eed2d23190 .functor MUXZ 1, L_0x55eed2d22120, L_0x7fc3a7e1be70, L_0x55eed2d22f90, C4<>;
L_0x55eed2d232d0 .part L_0x7fc3a7e1be28, 5, 1;
L_0x55eed2d23440 .concat [ 1 31 0 0], L_0x55eed2d232d0, L_0x7fc3a7e1ba38;
L_0x55eed2d23580 .cmp/eq 32, L_0x55eed2d23440, L_0x7fc3a7e1ba80;
L_0x55eed2d237a0 .functor MUXZ 1, L_0x55eed2d22120, L_0x7fc3a7e1be70, L_0x55eed2d23580, C4<>;
L_0x55eed2d23890 .part L_0x7fc3a7e1be28, 6, 1;
L_0x55eed2d23a20 .concat [ 1 31 0 0], L_0x55eed2d23890, L_0x7fc3a7e1bac8;
L_0x55eed2d23b60 .cmp/eq 32, L_0x55eed2d23a20, L_0x7fc3a7e1bb10;
L_0x55eed2d23da0 .functor MUXZ 1, L_0x55eed2d22120, L_0x7fc3a7e1be70, L_0x55eed2d23b60, C4<>;
L_0x55eed2d23e90 .part L_0x7fc3a7e1be28, 7, 1;
L_0x55eed2d24040 .concat [ 1 31 0 0], L_0x55eed2d23e90, L_0x7fc3a7e1bb58;
L_0x55eed2d24130 .cmp/eq 32, L_0x55eed2d24040, L_0x7fc3a7e1bba0;
L_0x55eed2d24390 .functor MUXZ 1, L_0x55eed2d22770, L_0x7fc3a7e1be70, L_0x55eed2d24130, C4<>;
L_0x55eed2d244d0 .part L_0x7fc3a7e1be28, 8, 1;
L_0x55eed2d24270 .concat [ 1 31 0 0], L_0x55eed2d244d0, L_0x7fc3a7e1bbe8;
L_0x55eed2d246f0 .cmp/eq 32, L_0x55eed2d24270, L_0x7fc3a7e1bc30;
L_0x55eed2d24a10 .functor MUXZ 1, L_0x55eed2d22450, L_0x7fc3a7e1be70, L_0x55eed2d246f0, C4<>;
L_0x55eed2d24b50 .part L_0x7fc3a7e1be28, 9, 1;
L_0x55eed2d24d40 .concat [ 1 31 0 0], L_0x55eed2d24b50, L_0x7fc3a7e1bc78;
L_0x55eed2d24e80 .cmp/eq 32, L_0x55eed2d24d40, L_0x7fc3a7e1bcc0;
L_0x55eed2d25230 .functor MUXZ 1, L_0x55eed2d25120, L_0x7fc3a7e1be70, L_0x55eed2d24e80, C4<>;
L_0x55eed2d25370 .part L_0x7fc3a7e1be28, 10, 1;
L_0x55eed2d25580 .concat [ 1 31 0 0], L_0x55eed2d25370, L_0x7fc3a7e1bd08;
L_0x55eed2d256c0 .cmp/eq 32, L_0x55eed2d25580, L_0x7fc3a7e1bd50;
L_0x55eed2d25a90 .functor MUXZ 1, L_0x55eed2d25980, L_0x7fc3a7e1be70, L_0x55eed2d256c0, C4<>;
L_0x55eed2d25bd0 .part L_0x7fc3a7e1be28, 11, 1;
L_0x55eed2d25e00 .concat [ 1 31 0 0], L_0x55eed2d25bd0, L_0x7fc3a7e1bd98;
L_0x55eed2d25f40 .cmp/eq 32, L_0x55eed2d25e00, L_0x7fc3a7e1bde0;
L_0x55eed2d26330 .functor MUXZ 1, L_0x55eed2d26220, L_0x7fc3a7e1be70, L_0x55eed2d25f40, C4<>;
S_0x55eed2d07d80 .scope module, "m1" "mux" 3 19, 6 3 0, S_0x55eed2cda480;
 .timescale -9 -12;
    .port_info 0 /INPUT 3 "primary";
    .port_info 1 /INPUT 3 "test";
    .port_info 2 /INPUT 1 "enable";
    .port_info 3 /OUTPUT 3 "y";
L_0x55eed2d0be90 .functor NOT 3, L_0x55eed2d0bdf0, C4<000>, C4<000>, C4<000>;
L_0x55eed2d0bf50 .functor AND 3, v0x55eed2d0ba00_0, L_0x55eed2d0be90, C4<111>, C4<111>;
L_0x55eed2d0c030 .functor AND 3, v0x55eed2d09590_0, L_0x55eed2d0bdf0, C4<111>, C4<111>;
L_0x55eed2d0c0a0 .functor OR 3, L_0x55eed2d0bf50, L_0x55eed2d0c030, C4<000>, C4<000>;
v0x55eed2d07fd0_0 .net "en", 2 0, L_0x55eed2d0bdf0;  1 drivers
v0x55eed2d080d0_0 .net "enNot", 2 0, L_0x55eed2d0be90;  1 drivers
v0x55eed2d081b0_0 .net "enable", 0 0, v0x55eed2d0b960_0;  alias, 1 drivers
v0x55eed2d08280_0 .net "out1", 2 0, L_0x55eed2d0bf50;  1 drivers
v0x55eed2d08320_0 .net "out2", 2 0, L_0x55eed2d0c030;  1 drivers
v0x55eed2d08450_0 .net "primary", 2 0, v0x55eed2d0ba00_0;  alias, 1 drivers
v0x55eed2d08510_0 .net "test", 2 0, v0x55eed2d09590_0;  alias, 1 drivers
v0x55eed2d085d0_0 .net "y", 2 0, L_0x55eed2d0c0a0;  alias, 1 drivers
L_0x55eed2d0bdf0 .concat [ 1 1 1 0], v0x55eed2d0b960_0, v0x55eed2d0b960_0, v0x55eed2d0b960_0;
S_0x55eed2d08750 .scope module, "m2" "mux" 3 20, 6 3 0, S_0x55eed2cda480;
 .timescale -9 -12;
    .port_info 0 /INPUT 3 "primary";
    .port_info 1 /INPUT 3 "test";
    .port_info 2 /INPUT 1 "enable";
    .port_info 3 /OUTPUT 3 "y";
L_0x55eed2d0c200 .functor NOT 3, L_0x55eed2d0c160, C4<000>, C4<000>, C4<000>;
L_0x55eed2d0c2c0 .functor AND 3, v0x55eed2d0ba00_0, L_0x55eed2d0c200, C4<111>, C4<111>;
L_0x55eed2d0c3a0 .functor AND 3, v0x55eed2d09590_0, L_0x55eed2d0c160, C4<111>, C4<111>;
L_0x55eed2d0c410 .functor OR 3, L_0x55eed2d0c2c0, L_0x55eed2d0c3a0, C4<000>, C4<000>;
v0x55eed2d089a0_0 .net "en", 2 0, L_0x55eed2d0c160;  1 drivers
v0x55eed2d08aa0_0 .net "enNot", 2 0, L_0x55eed2d0c200;  1 drivers
v0x55eed2d08b80_0 .net "enable", 0 0, v0x55eed2d0b960_0;  alias, 1 drivers
v0x55eed2d08ca0_0 .net "out1", 2 0, L_0x55eed2d0c2c0;  1 drivers
v0x55eed2d08d60_0 .net "out2", 2 0, L_0x55eed2d0c3a0;  1 drivers
v0x55eed2d08e90_0 .net "primary", 2 0, v0x55eed2d0ba00_0;  alias, 1 drivers
v0x55eed2d08fa0_0 .net "test", 2 0, v0x55eed2d09590_0;  alias, 1 drivers
v0x55eed2d09060_0 .net "y", 2 0, L_0x55eed2d0c410;  alias, 1 drivers
L_0x55eed2d0c160 .concat [ 1 1 1 0], v0x55eed2d0b960_0, v0x55eed2d0b960_0, v0x55eed2d0b960_0;
S_0x55eed2d09160 .scope module, "p1" "pgen" 3 14, 7 2 0, S_0x55eed2cda480;
 .timescale -9 -12;
    .port_info 0 /INPUT 1 "clk";
    .port_info 1 /INPUT 1 "enable";
    .port_info 2 /INPUT 1 "reset";
    .port_info 3 /OUTPUT 3 "q";
v0x55eed2d093f0_0 .net "clk", 0 0, v0x55eed2d0b770_0;  alias, 1 drivers
v0x55eed2d094d0_0 .net "enable", 0 0, v0x55eed2d0b960_0;  alias, 1 drivers
v0x55eed2d09590_0 .var "q", 2 0;
v0x55eed2d096b0_0 .net "reset", 0 0, v0x55eed2d0bb80_0;  alias, 1 drivers
v0x55eed2d09750_0 .var "temp", 0 0;
E_0x55eed2c91560 .event posedge, v0x55eed2d093f0_0;
S_0x55eed2d098e0 .scope module, "s1" "sir" 3 32, 8 2 0, S_0x55eed2cda480;
 .timescale -9 -12;
    .port_info 0 /INPUT 1 "clk";
    .port_info 1 /INPUT 1 "enable";
    .port_info 2 /INPUT 1 "reset";
    .port_info 3 /INPUT 1 "y";
    .port_info 4 /OUTPUT 4 "q";
v0x55eed2d09b40_0 .net "clk", 0 0, v0x55eed2d0b770_0;  alias, 1 drivers
v0x55eed2d09c00_0 .net "enable", 0 0, v0x55eed2d0b960_0;  alias, 1 drivers
v0x55eed2d09ca0_0 .var "q", 3 0;
v0x55eed2d09da0_0 .net "reset", 0 0, v0x55eed2d0bb80_0;  alias, 1 drivers
v0x55eed2d09e70_0 .var "temp", 2 0;
v0x55eed2d09f10_0 .net "y", 0 0, L_0x55eed2d215b0;  alias, 1 drivers
S_0x55eed2d0a040 .scope module, "s2" "sir" 3 33, 8 2 0, S_0x55eed2cda480;
 .timescale -9 -12;
    .port_info 0 /INPUT 1 "clk";
    .port_info 1 /INPUT 1 "enable";
    .port_info 2 /INPUT 1 "reset";
    .port_info 3 /INPUT 1 "y";
    .port_info 4 /OUTPUT 4 "q";
v0x55eed2d0a330_0 .net "clk", 0 0, v0x55eed2d0b770_0;  alias, 1 drivers
v0x55eed2d0a3f0_0 .net "enable", 0 0, v0x55eed2d0b960_0;  alias, 1 drivers
v0x55eed2d0a4b0_0 .var "q", 3 0;
v0x55eed2d0a580_0 .net "reset", 0 0, v0x55eed2d0bb80_0;  alias, 1 drivers
v0x55eed2d0a670_0 .var "temp", 2 0;
v0x55eed2d0a760_0 .net "y", 0 0, L_0x55eed2d2b760;  alias, 1 drivers
    .scope S_0x55eed2d09160;
T_0 ;
    %pushi/vec4 5, 0, 3;
    %store/vec4 v0x55eed2d09590_0, 0, 3;
    %end;
    .thread T_0;
    .scope S_0x55eed2d09160;
T_1 ;
    %wait E_0x55eed2c91560;
    %load/vec4 v0x55eed2d094d0_0;
    %pushi/vec4 1, 0, 1;
    %cmp/e;
    %flag_get/vec4 4;
    %load/vec4 v0x55eed2d096b0_0;
    %pushi/vec4 0, 0, 1;
    %cmp/e;
    %flag_get/vec4 4;
    %and;
    %flag_set/vec4 8;
    %jmp/0xz  T_1.0, 8;
    %load/vec4 v0x55eed2d09590_0;
    %parti/s 1, 1, 2;
    %load/vec4 v0x55eed2d09590_0;
    %parti/s 1, 2, 3;
    %xor;
    %store/vec4 v0x55eed2d09750_0, 0, 1;
    %load/vec4 v0x55eed2d09590_0;
    %parti/s 1, 1, 2;
    %ix/load 4, 2, 0;
    %ix/load 5, 0, 0;
    %flag_set/imm 4, 0;
    %assign/vec4/off/d v0x55eed2d09590_0, 4, 5;
    %load/vec4 v0x55eed2d09590_0;
    %parti/s 1, 0, 2;
    %ix/load 4, 1, 0;
    %ix/load 5, 0, 0;
    %flag_set/imm 4, 0;
    %assign/vec4/off/d v0x55eed2d09590_0, 4, 5;
    %load/vec4 v0x55eed2d09750_0;
    %ix/load 4, 0, 0;
    %ix/load 5, 0, 0;
    %flag_set/imm 4, 0;
    %assign/vec4/off/d v0x55eed2d09590_0, 4, 5;
    %jmp T_1.1;
T_1.0 ;
    %load/vec4 v0x55eed2d096b0_0;
    %cmpi/e 1, 0, 1;
    %jmp/0xz  T_1.2, 4;
    %pushi/vec4 6, 0, 3;
    %assign/vec4 v0x55eed2d09590_0, 0;
T_1.2 ;
T_1.1 ;
    %jmp T_1;
    .thread T_1;
    .scope S_0x55eed2d098e0;
T_2 ;
    %pushi/vec4 0, 0, 4;
    %store/vec4 v0x55eed2d09ca0_0, 0, 4;
    %end;
    .thread T_2;
    .scope S_0x55eed2d098e0;
T_3 ;
    %wait E_0x55eed2c91560;
    %load/vec4 v0x55eed2d09b40_0;
    %pad/u 32;
    %cmpi/e 1, 0, 32;
    %jmp/0xz  T_3.0, 4;
    %load/vec4 v0x55eed2d09ca0_0;
    %parti/s 1, 0, 2;
    %load/vec4 v0x55eed2d09f10_0;
    %xor;
    %ix/load 4, 0, 0;
    %flag_set/imm 4, 0;
    %store/vec4 v0x55eed2d09e70_0, 4, 1;
    %load/vec4 v0x55eed2d09ca0_0;
    %parti/s 1, 0, 2;
    %load/vec4 v0x55eed2d09ca0_0;
    %parti/s 1, 3, 3;
    %xor;
    %ix/load 4, 1, 0;
    %flag_set/imm 4, 0;
    %store/vec4 v0x55eed2d09e70_0, 4, 1;
    %load/vec4 v0x55eed2d09ca0_0;
    %parti/s 1, 0, 2;
    %load/vec4 v0x55eed2d09ca0_0;
    %parti/s 1, 1, 2;
    %xor;
    %ix/load 4, 2, 0;
    %flag_set/imm 4, 0;
    %store/vec4 v0x55eed2d09e70_0, 4, 1;
    %load/vec4 v0x55eed2d09ca0_0;
    %parti/s 1, 2, 3;
    %ix/load 4, 1, 0;
    %ix/load 5, 0, 0;
    %flag_set/imm 4, 0;
    %assign/vec4/off/d v0x55eed2d09ca0_0, 4, 5;
    %load/vec4 v0x55eed2d09e70_0;
    %parti/s 1, 1, 2;
    %ix/load 4, 2, 0;
    %ix/load 5, 0, 0;
    %flag_set/imm 4, 0;
    %assign/vec4/off/d v0x55eed2d09ca0_0, 4, 5;
    %load/vec4 v0x55eed2d09e70_0;
    %parti/s 1, 0, 2;
    %ix/load 4, 3, 0;
    %ix/load 5, 0, 0;
    %flag_set/imm 4, 0;
    %assign/vec4/off/d v0x55eed2d09ca0_0, 4, 5;
    %load/vec4 v0x55eed2d09e70_0;
    %parti/s 1, 2, 3;
    %ix/load 4, 0, 0;
    %ix/load 5, 0, 0;
    %flag_set/imm 4, 0;
    %assign/vec4/off/d v0x55eed2d09ca0_0, 4, 5;
T_3.0 ;
    %load/vec4 v0x55eed2d09da0_0;
    %pad/u 32;
    %cmpi/e 1, 0, 32;
    %jmp/0xz  T_3.2, 4;
    %pushi/vec4 0, 0, 4;
    %assign/vec4 v0x55eed2d09ca0_0, 0;
T_3.2 ;
    %jmp T_3;
    .thread T_3;
    .scope S_0x55eed2d0a040;
T_4 ;
    %pushi/vec4 0, 0, 4;
    %store/vec4 v0x55eed2d0a4b0_0, 0, 4;
    %end;
    .thread T_4;
    .scope S_0x55eed2d0a040;
T_5 ;
    %wait E_0x55eed2c91560;
    %load/vec4 v0x55eed2d0a330_0;
    %pad/u 32;
    %cmpi/e 1, 0, 32;
    %jmp/0xz  T_5.0, 4;
    %load/vec4 v0x55eed2d0a4b0_0;
    %parti/s 1, 0, 2;
    %load/vec4 v0x55eed2d0a760_0;
    %xor;
    %ix/load 4, 0, 0;
    %flag_set/imm 4, 0;
    %store/vec4 v0x55eed2d0a670_0, 4, 1;
    %load/vec4 v0x55eed2d0a4b0_0;
    %parti/s 1, 0, 2;
    %load/vec4 v0x55eed2d0a4b0_0;
    %parti/s 1, 3, 3;
    %xor;
    %ix/load 4, 1, 0;
    %flag_set/imm 4, 0;
    %store/vec4 v0x55eed2d0a670_0, 4, 1;
    %load/vec4 v0x55eed2d0a4b0_0;
    %parti/s 1, 0, 2;
    %load/vec4 v0x55eed2d0a4b0_0;
    %parti/s 1, 1, 2;
    %xor;
    %ix/load 4, 2, 0;
    %flag_set/imm 4, 0;
    %store/vec4 v0x55eed2d0a670_0, 4, 1;
    %load/vec4 v0x55eed2d0a4b0_0;
    %parti/s 1, 2, 3;
    %ix/load 4, 1, 0;
    %ix/load 5, 0, 0;
    %flag_set/imm 4, 0;
    %assign/vec4/off/d v0x55eed2d0a4b0_0, 4, 5;
    %load/vec4 v0x55eed2d0a670_0;
    %parti/s 1, 1, 2;
    %ix/load 4, 2, 0;
    %ix/load 5, 0, 0;
    %flag_set/imm 4, 0;
    %assign/vec4/off/d v0x55eed2d0a4b0_0, 4, 5;
    %load/vec4 v0x55eed2d0a670_0;
    %parti/s 1, 0, 2;
    %ix/load 4, 3, 0;
    %ix/load 5, 0, 0;
    %flag_set/imm 4, 0;
    %assign/vec4/off/d v0x55eed2d0a4b0_0, 4, 5;
    %load/vec4 v0x55eed2d0a670_0;
    %parti/s 1, 2, 3;
    %ix/load 4, 0, 0;
    %ix/load 5, 0, 0;
    %flag_set/imm 4, 0;
    %assign/vec4/off/d v0x55eed2d0a4b0_0, 4, 5;
T_5.0 ;
    %load/vec4 v0x55eed2d0a580_0;
    %pad/u 32;
    %cmpi/e 1, 0, 32;
    %jmp/0xz  T_5.2, 4;
    %pushi/vec4 0, 0, 4;
    %assign/vec4 v0x55eed2d0a4b0_0, 0;
T_5.2 ;
    %jmp T_5;
    .thread T_5;
    .scope S_0x55eed2cc4cc0;
T_6 ;
    %delay 5000, 0;
    %load/vec4 v0x55eed2d0b770_0;
    %inv;
    %store/vec4 v0x55eed2d0b770_0, 0, 1;
    %jmp T_6;
    .thread T_6;
    .scope S_0x55eed2cc4cc0;
T_7 ;
    %vpi_call 2 22 "$dumpfile", "test_bench.vcd" {0 0 0};
    %vpi_call 2 23 "$dumpvars" {0 0 0};
    %pushi/vec4 0, 0, 1;
    %store/vec4 v0x55eed2d0bb80_0, 0, 1;
    %pushi/vec4 1, 0, 1;
    %store/vec4 v0x55eed2d0b960_0, 0, 1;
    %pushi/vec4 0, 0, 1;
    %store/vec4 v0x55eed2d0bcb0_0, 0, 1;
    %pushi/vec4 0, 0, 12;
    %store/vec4 v0x55eed2d0b690_0, 0, 12;
    %pushi/vec4 0, 0, 1;
    %store/vec4 v0x55eed2d0b770_0, 0, 1;
    %pushi/vec4 6, 0, 3;
    %store/vec4 v0x55eed2d0ba00_0, 0, 3;
    %delay 5000, 0;
    %pushi/vec4 2, 0, 12;
    %store/vec4 v0x55eed2d0b690_0, 0, 12;
    %pushi/vec4 1, 0, 1;
    %store/vec4 v0x55eed2d0bcb0_0, 0, 1;
    %delay 100000, 0;
    %load/vec4 v0x55eed2d0bb80_0;
    %inv;
    %store/vec4 v0x55eed2d0bb80_0, 0, 1;
    %delay 5000, 0;
    %load/vec4 v0x55eed2d0bb80_0;
    %inv;
    %store/vec4 v0x55eed2d0bb80_0, 0, 1;
    %delay 5000, 0;
    %pushi/vec4 0, 0, 12;
    %store/vec4 v0x55eed2d0b690_0, 0, 12;
    %delay 100000, 0;
    %vpi_call 2 47 "$finish" {0 0 0};
    %end;
    .thread T_7;
# The file index is used to find the file name in the following table.
:file_names 9;
    "N/A";
    "<interactive>";
    "alu_t.v";
    "./alu.v";
    "./cut.v";
    "./comp.v";
    "./mux.v";
    "./pgen.v";
    "./sir.v";
